
[2022-07-02T17:03:57.407] [WARN] archivoWarn - Intento de ingreso a ruta inexistente /prueba%20de%20ruta%20inexistente
[2022-07-02T17:04:27.428] [WARN] archivoWarn - Intento de ingreso a ruta inexistente /prueba_de_ruta_inexistente2
[2022-07-02T17:05:57.681] [WARN] archivoWarn - Intento de ingreso a ruta inexistente /prueba_de_ruta_inexistente2
[2022-07-02T17:09:12.516] [WARN] archivoWarn - Intento de ingreso a ruta inexistente /prueba_de_ruta_inexistente3 y el metodo es: GET
[2022-07-02T17:09:58.188] [WARN] archivoWarn - Intento de ingreso a ruta inexistente / y el metodo es: GET
[2022-07-02T17:10:02.614] [WARN] archivoWarn - Intento de ingreso a ruta inexistente / y el metodo es: GET
[2022-07-02T17:12:14.682] [WARN] archivoWarn - Intento de ingreso a ruta inexistente /loginDeMentira y el metodo es: POST
[2022-07-02T17:31:24.334] [WARN] archivoWarn - Intento de ingreso a ruta inexistente /ml y el metodo es: GET
[2022-07-02T17:36:49.050] [WARN] archivoWarn - Intento de ingreso a ruta inexistente /ml y el metodo es: GET
[2022-07-02T17:38:30.977] [WARN] archivoWarn - Intento de ingreso a ruta inexistente /jbkjb y el metodo es: GET
[2022-07-02T21:38:27.090] [WARN] archivoWarn - Intento de ingreso a ruta inexistente /favicon.ico y el metodo es: GET
[2022-07-04T10:45:27.918] [WARN] archivoWarn - Intento de ingreso a ruta inexistente /favicon.ico y el metodo es: GET
[2022-07-04T10:47:22.534] [WARN] archivoWarn - Intento de ingreso a ruta inexistente /favicon.ico y el metodo es: GET
[2022-07-04T10:47:23.437] [WARN] archivoWarn - Intento de ingreso a ruta inexistente /favicon.ico y el metodo es: GET
[2022-07-04T10:47:28.171] [WARN] archivoWarn - Intento de ingreso a ruta inexistente /favicon.ico y el metodo es: GET
[2022-07-04T10:48:28.278] [WARN] archivoWarn - Intento de ingreso a ruta inexistente /favicon.ico y el metodo es: GET
[2022-07-04T10:48:29.556] [WARN] archivoWarn - Intento de ingreso a ruta inexistente /favicon.ico y el metodo es: GET
[2022-07-04T10:48:56.044] [WARN] archivoWarn - Intento de ingreso a ruta inexistente /favicon.ico y el metodo es: GET
[2022-07-04T10:49:43.952] [WARN] archivoWarn - Intento de ingreso a ruta inexistente /favicon.ico y el metodo es: GET
[2022-07-04T10:49:44.900] [WARN] archivoWarn - Intento de ingreso a ruta inexistente /favicon.ico y el metodo es: GET
[2022-07-04T10:49:46.107] [WARN] archivoWarn - Intento de ingreso a ruta inexistente /favicon.ico y el metodo es: GET
[2022-07-04T10:49:52.896] [WARN] archivoWarn - Intento de ingreso a ruta inexistente /favicon.ico y el metodo es: GET
[2022-07-04T10:50:02.145] [WARN] archivoWarn - Intento de ingreso a ruta inexistente /favicon.ico y el metodo es: GET
[2022-07-04T17:21:10.004] [WARN] archivoWarn - Intento de ingreso a ruta inexistente /favicon.ico y el metodo es: GET
[2022-07-04T17:21:15.476] [WARN] archivoWarn - Intento de ingreso a ruta inexistente /favicon.ico y el metodo es: GET
[2022-07-04T19:23:08.780] [WARN] archivoWarn - Intento de ingreso a ruta inexistente /favicon.ico y el metodo es: GET
[2022-07-06T17:25:12.679] [WARN] archivoWarn - Intento de ingreso a ruta inexistente /favicon.ico y el metodo es: GET
[2022-07-06T17:25:33.074] [WARN] archivoWarn - Intento de ingreso a ruta inexistente /favicon.ico y el metodo es: GET
[2022-07-06T19:40:25.940] [WARN] archivoWarn - Intento de ingreso a ruta inexistente /favicon.ico y el metodo es: GET
